<?xml version="1.0" encoding="UTF-8"?>
<testsuite name="framework.api.services.cat.GetFact_api_test" tests="5" skipped="0" failures="0" errors="0" timestamp="2020-02-20T13:33:51" hostname="HIQSTOL712" time="3.221">
  <properties/>
  <testcase name="validateEntireObject(String, JSONObject)[1]" classname="framework.api.services.cat.GetFact_api_test" time="1.237"/>
  <testcase name="valdiate200Response()" classname="framework.api.services.cat.GetFact_api_test" time="0.493"/>
  <testcase name="validateSpecificFact(String, String)[1]" classname="framework.api.services.cat.GetFact_api_test" time="0.477"/>
  <testcase name="validateSpecificFact(String, String)[2]" classname="framework.api.services.cat.GetFact_api_test" time="0.505"/>
  <testcase name="validateRandomFactResponseTextIsNotEmpty()" classname="framework.api.services.cat.GetFact_api_test" time="0.497"/>
  <system-out><![CDATA[----------- STARTING NEW TEST SUITE -----------
Thu Feb 20 14:33:51 CET 2020
*** STARTING NEW API TEST ***
Thu Feb 20 14:33:51 CET 2020
Thu Feb 20 14:33:52 CET 2020
*** ENDING API TEST ***
*** STARTING NEW API TEST ***
Thu Feb 20 14:33:52 CET 2020
Thu Feb 20 14:33:53 CET 2020
*** ENDING API TEST ***
*** STARTING NEW API TEST ***
Thu Feb 20 14:33:53 CET 2020
Thu Feb 20 14:33:53 CET 2020
*** ENDING API TEST ***
*** STARTING NEW API TEST ***
Thu Feb 20 14:33:53 CET 2020
Thu Feb 20 14:33:53 CET 2020
*** ENDING API TEST ***
*** STARTING NEW API TEST ***
Thu Feb 20 14:33:54 CET 2020
Thu Feb 20 14:33:54 CET 2020
*** ENDING API TEST ***
----------- ENDING TEST SUITE -----------
Thu Feb 20 14:33:54 CET 2020
]]></system-out>
  <system-err><![CDATA[SLF4J: Failed to load class "org.slf4j.impl.StaticLoggerBinder".
SLF4J: Defaulting to no-operation (NOP) logger implementation
SLF4J: See http://www.slf4j.org/codes.html#StaticLoggerBinder for further details.
feb 20, 2020 2:33:52 EM framework.utils.JsonUtils prettyPrintJSON
INFO: JSON data=
{
  "createdAt": "2018-01-04T01:10:54.673Z",
  "deleted": false,
  "__v": 0,
  "used": false,
  "source": "api",
  "_id": "591f98883b90f7150a19c28c",
  "text": "Cats lived with soldiers in trenches, where they killed mice during World War I.",
  "type": "cat",
  "user": "5a9ac18c7478810ea6c06381",
  "updatedAt": "2020-01-02T02:02:48.616Z",
  "status": {
    "verified": true,
    "sentCount": 1
  }
}
feb 20, 2020 2:33:53 EM framework.utils.JsonUtils prettyPrintJSON
INFO: JSON data=
{
  "createdAt": "2018-01-04T01:10:54.673Z",
  "deleted": false,
  "__v": 0,
  "used": false,
  "source": "api",
  "_id": "591f98883b90f7150a19c28c",
  "text": "Cats lived with soldiers in trenches, where they killed mice during World War I.",
  "type": "cat",
  "user": "5a9ac18c7478810ea6c06381",
  "updatedAt": "2020-01-02T02:02:48.616Z",
  "status": {
    "verified": true,
    "sentCount": 1
  }
}
feb 20, 2020 2:33:53 EM framework.utils.JsonUtils prettyPrintJSON
INFO: JSON data=
{
  "createdAt": "2018-01-04T01:10:54.673Z",
  "deleted": false,
  "__v": 0,
  "used": false,
  "source": "api",
  "_id": "591f98883b90f7150a19c28c",
  "text": "Cats lived with soldiers in trenches, where they killed mice during World War I.",
  "type": "cat",
  "user": "5a9ac18c7478810ea6c06381",
  "updatedAt": "2020-01-02T02:02:48.616Z",
  "status": {
    "verified": true,
    "sentCount": 1
  }
}
feb 20, 2020 2:33:53 EM framework.utils.JsonUtils prettyPrintJSON
INFO: JSON data=
{
  "createdAt": "2018-01-04T01:10:54.673Z",
  "deleted": false,
  "__v": 0,
  "used": false,
  "source": "api",
  "_id": "591f98703b90f7150a19c14f",
  "text": "Unlike humans, cats do not need to blink their eyes on a regular basis to keep their eyes lubricated.",
  "type": "cat",
  "user": "5a9ac18c7478810ea6c06381",
  "updatedAt": "2020-01-02T02:02:48.612Z",
  "status": {
    "verified": true,
    "sentCount": 1
  }
}
feb 20, 2020 2:33:53 EM framework.utils.JsonUtils prettyPrintJSON
INFO: JSON data=
{
  "createdAt": "2018-01-04T01:10:54.673Z",
  "deleted": false,
  "__v": 0,
  "used": false,
  "source": "api",
  "_id": "591f98703b90f7150a19c14f",
  "text": "Unlike humans, cats do not need to blink their eyes on a regular basis to keep their eyes lubricated.",
  "type": "cat",
  "user": "5a9ac18c7478810ea6c06381",
  "updatedAt": "2020-01-02T02:02:48.612Z",
  "status": {
    "verified": true,
    "sentCount": 1
  }
}
feb 20, 2020 2:33:54 EM framework.utils.JsonUtils prettyPrintJSON
INFO: JSON data=
{
  "createdAt": "2018-01-04T01:10:54.673Z",
  "deleted": false,
  "__v": 0,
  "used": false,
  "source": "api",
  "_id": "591f98703b90f7150a19c13a",
  "text": "When a cats rubs up against you, the cat is marking you with it\u0027s scent claiming ownership.",
  "type": "cat",
  "user": "5a9ac18c7478810ea6c06381",
  "updatedAt": "2020-01-02T02:02:48.616Z",
  "status": {
    "verified": true,
    "sentCount": 1
  }
}
]]></system-err>
</testsuite>
