<?xml version="1.0" encoding="UTF-8"?>
<testsuite name="framework.frontend.pages.wikipedia.SearchWikipedia_test" tests="3" skipped="0" failures="0" errors="0" timestamp="2020-02-19T12:49:45" hostname="HIQSTOL712" time="14.154">
  <properties/>
  <testcase name="openWikipediaAndSearchForTerm(String)[1]" classname="framework.frontend.pages.wikipedia.SearchWikipedia_test" time="11.268"/>
  <testcase name="openWikipediaAndSearchForTerm(String)[2]" classname="framework.frontend.pages.wikipedia.SearchWikipedia_test" time="1.551"/>
  <testcase name="openWikipediaAndSearchForTerm(String)[3]" classname="framework.frontend.pages.wikipedia.SearchWikipedia_test" time="1.324"/>
  <system-out><![CDATA[The selected browser is: chrome
The selected headless state is: true
The selected implicit timeout limit is: 4000
]]></system-out>
  <system-err><![CDATA[SLF4J: Failed to load class "org.slf4j.impl.StaticLoggerBinder".
SLF4J: Defaulting to no-operation (NOP) logger implementation
SLF4J: See http://www.slf4j.org/codes.html#StaticLoggerBinder for further details.
Starting ChromeDriver 80.0.3987.106 (f68069574609230cf9b635cd784cfb1bf81bb53a-refs/branch-heads/3987@{#882}) on port 20072
Only local connections are allowed.
Please protect ports used by ChromeDriver and related test frameworks to prevent access by malicious code.
feb 19, 2020 1:49:50 EM org.openqa.selenium.remote.ProtocolHandshake createSession
INFO: Detected dialect: W3C
[1582116594.055][SEVERE]: Timed out receiving message from renderer: 0.100
[1582116599.112][SEVERE]: Timed out receiving message from renderer: 0.100
[1582116599.240][SEVERE]: Timed out receiving message from renderer: 0.100
]]></system-err>
</testsuite>
